Server running on http://localhost:5000
✅ MongoDB connected: 127.0.0.1
✅ Session indexes synchronized
[0mGET / [32m200[0m 1.999 ms - 372[0m
[0mGET / [36m304[0m 3.859 ms - -[0m
[0mGET /favicon.ico [33m404[0m 5.342 ms - 150[0m
[0mGET /api/v1/products/by-category [36m304[0m 1135.653 ms - -[0m
[ERROR] POST /api/v1/carts/add
Error: Access token is required
    at e:\Medigo-Epharmacy-system-backend-test\Medigo-E pharmacy-system-backend-test\src\middleware\auth.middleware.ts:31:13
    at e:\Medigo-Epharmacy-system-backend-test\Medigo-E pharmacy-system-backend-test\src\shared\utils\asyncHandler.ts:11:21
    at Layer.handle [as handle_request] (e:\Medigo-Epharmacy-system-backend-test\Medigo-E pharmacy-system-backend-test\node_modules\express\lib\router\layer.js:95:5)
    at next (e:\Medigo-Epharmacy-system-backend-test\Medigo-E pharmacy-system-backend-test\node_modules\express\lib\router\route.js:149:13)
    at Route.dispatch (e:\Medigo-Epharmacy-system-backend-test\Medigo-E pharmacy-system-backend-test\node_modules\express\lib\router\route.js:119:3)
    at Layer.handle [as handle_request] (e:\Medigo-Epharmacy-system-backend-test\Medigo-E pharmacy-system-backend-test\node_modules\express\lib\router\layer.js:95:5)
    at e:\Medigo-Epharmacy-system-backend-test\Medigo-E pharmacy-system-backend-test\node_modules\express\lib\router\index.js:284:15
    at router.process_params (e:\Medigo-Epharmacy-system-backend-test\Medigo-E pharmacy-system-backend-test\node_modules\express\lib\router\index.js:346:12)
    at next (e:\Medigo-Epharmacy-system-backend-test\Medigo-E pharmacy-system-backend-test\node_modules\express\lib\router\index.js:280:10)
    at router.handle (e:\Medigo-Epharmacy-system-backend-test\Medigo-E pharmacy-system-backend-test\node_modules\express\lib\router\index.js:175:3)
[0mPOST /api/v1/carts/add [33m401[0m 1373.995 ms - 1673[0m
[0mPOST /api/v1/api/auth/refresh-token [33m404[0m 1.410 ms - 169[0m
[token]:  
[ERROR] POST /api/v1/auth/refresh-token
Error: No refresh token provided
    at e:\Medigo-Epharmacy-system-backend-test\Medigo-E pharmacy-system-backend-test\src\modules\auth\auth.controller.ts:258:13
    at e:\Medigo-Epharmacy-system-backend-test\Medigo-E pharmacy-system-backend-test\src\shared\utils\asyncHandler.ts:11:21
    at Layer.handle [as handle_request] (e:\Medigo-Epharmacy-system-backend-test\Medigo-E pharmacy-system-backend-test\node_modules\express\lib\router\layer.js:95:5)
    at next (e:\Medigo-Epharmacy-system-backend-test\Medigo-E pharmacy-system-backend-test\node_modules\express\lib\router\route.js:149:13)
    at Route.dispatch (e:\Medigo-Epharmacy-system-backend-test\Medigo-E pharmacy-system-backend-test\node_modules\express\lib\router\route.js:119:3)
    at Layer.handle [as handle_request] (e:\Medigo-Epharmacy-system-backend-test\Medigo-E pharmacy-system-backend-test\node_modules\express\lib\router\layer.js:95:5)
    at e:\Medigo-Epharmacy-system-backend-test\Medigo-E pharmacy-system-backend-test\node_modules\express\lib\router\index.js:284:15
    at router.process_params (e:\Medigo-Epharmacy-system-backend-test\Medigo-E pharmacy-system-backend-test\node_modules\express\lib\router\index.js:346:12)
    at next (e:\Medigo-Epharmacy-system-backend-test\Medigo-E pharmacy-system-backend-test\node_modules\express\lib\router\index.js:280:10)
    at router.handle (e:\Medigo-Epharmacy-system-backend-test\Medigo-E pharmacy-system-backend-test\node_modules\express\lib\router\index.js:175:3)
[0mPOST /api/v1/auth/refresh-token [33m401[0m 6.817 ms - 1680[0m
[ERROR] POST /api/v1/auth/login
Error: Your Password is wrong
    at AuthService.login (e:\Medigo-Epharmacy-system-backend-test\Medigo-E pharmacy-system-backend-test\src\modules\auth\auth.service.ts:467:13)
    at processTicksAndRejections (node:internal/process/task_queues:103:5)
    at async e:\Medigo-Epharmacy-system-backend-test\Medigo-E pharmacy-system-backend-test\src\modules\auth\auth.controller.ts:105:18
[0mPOST /api/v1/auth/login [33m401[0m 642.336 ms - 511[0m
[ERROR] POST /api/v1/auth/login
Error: Account blocked. Contact support.
    at AuthService.login (e:\Medigo-Epharmacy-system-backend-test\Medigo-E pharmacy-system-backend-test\src\modules\auth\auth.service.ts:480:13)
    at processTicksAndRejections (node:internal/process/task_queues:103:5)
    at async e:\Medigo-Epharmacy-system-backend-test\Medigo-E pharmacy-system-backend-test\src\modules\auth\auth.controller.ts:105:18
[0mPOST /api/v1/auth/login [33m403[0m 189.613 ms - 544[0m
[ERROR] POST /api/v1/auth/login
Error: Your Password is wrong
    at AuthService.login (e:\Medigo-Epharmacy-system-backend-test\Medigo-E pharmacy-system-backend-test\src\modules\auth\auth.service.ts:467:13)
    at processTicksAndRejections (node:internal/process/task_queues:103:5)
    at async e:\Medigo-Epharmacy-system-backend-test\Medigo-E pharmacy-system-backend-test\src\modules\auth\auth.controller.ts:105:18
[0mPOST /api/v1/auth/login [33m401[0m 30.386 ms - 511[0m
[0mPOST /api/v1/auth/login [32m200[0m 1842.173 ms - 743[0m
[0mGET /api/v1/products/by-category [36m304[0m 97.750 ms - -[0m
[0mPOST /api/v1/carts/add [32m200[0m 640.490 ms - 846[0m
[ERROR] POST /api/v1/carts/add
Error: Insufficient stock for Mostak
    at CartService.addProduct (e:\Medigo-Epharmacy-system-backend-test\Medigo-E pharmacy-system-backend-test\src\modules\cart\cart.service.ts:40:13)
    at processTicksAndRejections (node:internal/process/task_queues:103:5)
    at async e:\Medigo-Epharmacy-system-backend-test\Medigo-E pharmacy-system-backend-test\src\modules\cart\cart.controller.ts:25:16
[0mPOST /api/v1/carts/add [33m400[0m 27.802 ms - 535[0m
[token]:  eyJhbGciOiJIUzI1NiIsInR5cCI6IkpXVCJ9.eyJpZCI6IjY5Zjg3MDY0MDBhZTNlMDVkMTFiODQ3OSIsImlhdCI6MTc3ODY3MzAxMCwiZXhwIjoxNzc5Mjc3ODEwfQ.xGzN0t2HaJZkUEqW3LLEEgbgBzbGs2oJmTq3TxVtUXQ
[token]:  eyJhbGciOiJIUzI1NiIsInR5cCI6IkpXVCJ9.eyJpZCI6IjY5Zjg3MDY0MDBhZTNlMDVkMTFiODQ3OSIsImlhdCI6MTc3ODY3MzAxMCwiZXhwIjoxNzc5Mjc3ODEwfQ.xGzN0t2HaJZkUEqW3LLEEgbgBzbGs2oJmTq3TxVtUXQ
[0mPOST /api/v1/auth/refresh-token [32m200[0m 1766.668 ms - 289[0m
[0mGET /api/v1/auth/me [32m200[0m 433.569 ms - 673[0m
[token]:  eyJhbGciOiJIUzI1NiIsInR5cCI6IkpXVCJ9.eyJpZCI6IjY5Zjg3MDY0MDBhZTNlMDVkMTFiODQ3OSIsImlhdCI6MTc3ODY3MzAxMCwiZXhwIjoxNzc5Mjc3ODEwfQ.xGzN0t2HaJZkUEqW3LLEEgbgBzbGs2oJmTq3TxVtUXQ
[token]:  eyJhbGciOiJIUzI1NiIsInR5cCI6IkpXVCJ9.eyJpZCI6IjY5Zjg3MDY0MDBhZTNlMDVkMTFiODQ3OSIsImlhdCI6MTc3ODY3MzAxMCwiZXhwIjoxNzc5Mjc3ODEwfQ.xGzN0t2HaJZkUEqW3LLEEgbgBzbGs2oJmTq3TxVtUXQ
[0mPOST /api/v1/auth/refresh-token [32m200[0m 2132.342 ms - 289[0m
[0mGET /api/v1/auth/me [36m304[0m 278.478 ms - -[0m
Wed, 13 May 2026 12:45:23 GMT express deprecated res.clearCookie: Passing "options.maxAge" is deprecated. In v5.0.0 of Express, this option will be ignored, as res.clearCookie will automatically set cookies to expire immediately. Please update your code to omit this option. at src\modules\auth\auth.controller.ts:102:9
[0mPOST /api/v1/auth/logout [32m200[0m 3758.120 ms - 69[0m
[ERROR] POST /api/v1/auth/logout
Error: Session expired. Please log in again.
    at e:\Medigo-Epharmacy-system-backend-test\Medigo-E pharmacy-system-backend-test\src\middleware\auth.middleware.ts:55:13
    at processTicksAndRejections (node:internal/process/task_queues:103:5)
[0mPOST /api/v1/auth/logout [33m401[0m 1959.213 ms - 394[0m
[0mPOST /api/v1/api/auth/refresh-token [33m404[0m 102.330 ms - 169[0m
[token]:  
[ERROR] POST /api/v1/auth/refresh-token
Error: No refresh token provided
    at e:\Medigo-Epharmacy-system-backend-test\Medigo-E pharmacy-system-backend-test\src\modules\auth\auth.controller.ts:258:13
    at e:\Medigo-Epharmacy-system-backend-test\Medigo-E pharmacy-system-backend-test\src\shared\utils\asyncHandler.ts:11:21
    at Layer.handle [as handle_request] (e:\Medigo-Epharmacy-system-backend-test\Medigo-E pharmacy-system-backend-test\node_modules\express\lib\router\layer.js:95:5)
    at next (e:\Medigo-Epharmacy-system-backend-test\Medigo-E pharmacy-system-backend-test\node_modules\express\lib\router\route.js:149:13)
    at Route.dispatch (e:\Medigo-Epharmacy-system-backend-test\Medigo-E pharmacy-system-backend-test\node_modules\express\lib\router\route.js:119:3)
    at Layer.handle [as handle_request] (e:\Medigo-Epharmacy-system-backend-test\Medigo-E pharmacy-system-backend-test\node_modules\express\lib\router\layer.js:95:5)
    at e:\Medigo-Epharmacy-system-backend-test\Medigo-E pharmacy-system-backend-test\node_modules\express\lib\router\index.js:284:15
    at router.process_params (e:\Medigo-Epharmacy-system-backend-test\Medigo-E pharmacy-system-backend-test\node_modules\express\lib\router\index.js:346:12)
    at next (e:\Medigo-Epharmacy-system-backend-test\Medigo-E pharmacy-system-backend-test\node_modules\express\lib\router\index.js:280:10)
    at router.handle (e:\Medigo-Epharmacy-system-backend-test\Medigo-E pharmacy-system-backend-test\node_modules\express\lib\router\index.js:175:3)
[0mPOST /api/v1/auth/refresh-token [33m401[0m 963.791 ms - 1680[0m
[token]:  
[ERROR] POST /api/v1/auth/refresh-token
Error: No refresh token provided
    at e:\Medigo-Epharmacy-system-backend-test\Medigo-E pharmacy-system-backend-test\src\modules\auth\auth.controller.ts:258:13
    at e:\Medigo-Epharmacy-system-backend-test\Medigo-E pharmacy-system-backend-test\src\shared\utils\asyncHandler.ts:11:21
    at Layer.handle [as handle_request] (e:\Medigo-Epharmacy-system-backend-test\Medigo-E pharmacy-system-backend-test\node_modules\express\lib\router\layer.js:95:5)
    at next (e:\Medigo-Epharmacy-system-backend-test\Medigo-E pharmacy-system-backend-test\node_modules\express\lib\router\route.js:149:13)
    at Route.dispatch (e:\Medigo-Epharmacy-system-backend-test\Medigo-E pharmacy-system-backend-test\node_modules\express\lib\router\route.js:119:3)
    at Layer.handle [as handle_request] (e:\Medigo-Epharmacy-system-backend-test\Medigo-E pharmacy-system-backend-test\node_modules\express\lib\router\layer.js:95:5)
    at e:\Medigo-Epharmacy-system-backend-test\Medigo-E pharmacy-system-backend-test\node_modules\express\lib\router\index.js:284:15
    at router.process_params (e:\Medigo-Epharmacy-system-backend-test\Medigo-E pharmacy-system-backend-test\node_modules\express\lib\router\index.js:346:12)
    at next (e:\Medigo-Epharmacy-system-backend-test\Medigo-E pharmacy-system-backend-test\node_modules\express\lib\router\index.js:280:10)
    at router.handle (e:\Medigo-Epharmacy-system-backend-test\Medigo-E pharmacy-system-backend-test\node_modules\express\lib\router\index.js:175:3)
[0mPOST /api/v1/auth/refresh-token [33m401[0m 161.348 ms - 1680[0m
[0mPOST /api/v1/auth/forgot-password [32m200[0m 5449.331 ms - 101[0m
[0mPOST /api/v1/auth/forgot-password [32m200[0m 182.861 ms - 101[0m
[ERROR] POST /api/v1/auth/login
Error: Your Password is wrong
    at AuthService.login (e:\Medigo-Epharmacy-system-backend-test\Medigo-E pharmacy-system-backend-test\src\modules\auth\auth.service.ts:467:13)
    at processTicksAndRejections (node:internal/process/task_queues:103:5)
    at async e:\Medigo-Epharmacy-system-backend-test\Medigo-E pharmacy-system-backend-test\src\modules\auth\auth.controller.ts:105:18
[0mPOST /api/v1/auth/login [33m401[0m 304.281 ms - 511[0m
[0mPOST /api/v1/auth/forgot-password [32m200[0m 69.975 ms - 101[0m
[0mPOST /api/v1/auth/login [32m200[0m 2768.986 ms - 743[0m
[0mGET /api/v1/products/by-category [36m304[0m 1016.689 ms - -[0m
[ERROR] POST /api/v1/carts/add
Error: Insufficient stock for Mostak
    at CartService.addProduct (e:\Medigo-Epharmacy-system-backend-test\Medigo-E pharmacy-system-backend-test\src\modules\cart\cart.service.ts:40:13)
    at processTicksAndRejections (node:internal/process/task_queues:103:5)
    at async e:\Medigo-Epharmacy-system-backend-test\Medigo-E pharmacy-system-backend-test\src\modules\cart\cart.controller.ts:25:16
[0mPOST /api/v1/carts/add [33m400[0m 333.622 ms - 535[0m
[ERROR] POST /api/v1/carts/add
Error: Insufficient stock for Mostak
    at CartService.addProduct (e:\Medigo-Epharmacy-system-backend-test\Medigo-E pharmacy-system-backend-test\src\modules\cart\cart.service.ts:40:13)
    at processTicksAndRejections (node:internal/process/task_queues:103:5)
    at async e:\Medigo-Epharmacy-system-backend-test\Medigo-E pharmacy-system-backend-test\src\modules\cart\cart.controller.ts:25:16
[0mPOST /api/v1/carts/add [33m400[0m 11.228 ms - 535[0m
[ERROR] POST /api/v1/carts/add
Error: Insufficient stock for Mostak
    at CartService.addProduct (e:\Medigo-Epharmacy-system-backend-test\Medigo-E pharmacy-system-backend-test\src\modules\cart\cart.service.ts:40:13)
    at processTicksAndRejections (node:internal/process/task_queues:103:5)
    at async e:\Medigo-Epharmacy-system-backend-test\Medigo-E pharmacy-system-backend-test\src\modules\cart\cart.controller.ts:25:16
[0mPOST /api/v1/carts/add [33m400[0m 106.599 ms - 535[0m
[0mPOST /api/v1/carts/add [32m200[0m 979.878 ms - 1532[0m
[0mGET /api/v1/products/by-category [36m304[0m 99.574 ms - -[0m
[0mGET /api/v1/products/by-category [36m304[0m 486.647 ms - -[0m
[0mGET /api/v1/products/by-category [36m304[0m 156.566 ms - -[0m
[token]:  eyJhbGciOiJIUzI1NiIsInR5cCI6IkpXVCJ9.eyJpZCI6IjY5Zjg3MDY0MDBhZTNlMDVkMTFiODQ3OSIsImlhdCI6MTc3ODY3NzI5MCwiZXhwIjoxNzc5MjgyMDkwfQ.bAH0bdC8sLQnZHao3z06Ed5loPpOAcQaXKmUWO-FG-c
[token]:  eyJhbGciOiJIUzI1NiIsInR5cCI6IkpXVCJ9.eyJpZCI6IjY5Zjg3MDY0MDBhZTNlMDVkMTFiODQ3OSIsImlhdCI6MTc3ODY3NzI5MCwiZXhwIjoxNzc5MjgyMDkwfQ.bAH0bdC8sLQnZHao3z06Ed5loPpOAcQaXKmUWO-FG-c
[0mGET /api/v1/products/by-category [36m304[0m 6595.445 ms - -[0m
[0mPOST /api/v1/auth/refresh-token [32m200[0m 6115.634 ms - 289[0m
[0mGET /api/v1/auth/me [32m200[0m 1096.829 ms - 673[0m
[0mGET /api/v1/products/by-category [36m304[0m 238.204 ms - -[0m
[0mPOST /api/v1/carts/add [32m200[0m 435.930 ms - 2144[0m
[0mGET /api/v1/carts [32m200[0m 246.161 ms - 2135[0m
[0mGET /api/v1/carts [36m304[0m 221.606 ms - -[0m
[0mGET /api/v1/products/by-category [36m304[0m 207.481 ms - -[0m
[0mPOST /api/v1/auth/logout [32m200[0m 697.335 ms - 69[0m
[0mGET /api/v1/products/by-category [36m304[0m 162.708 ms - -[0m
[0mPOST /api/v1/auth/login [32m200[0m 1908.692 ms - 743[0m
[0mGET /api/v1/products/by-category [36m304[0m 92.183 ms - -[0m
[ERROR] GET /api/v1/carts
Error: Access token expired. Please refresh.
    at e:\Medigo-Epharmacy-system-backend-test\Medigo-E pharmacy-system-backend-test\src\middleware\auth.middleware.ts:42:15
    at e:\Medigo-Epharmacy-system-backend-test\Medigo-E pharmacy-system-backend-test\src\shared\utils\asyncHandler.ts:11:21
    at Layer.handle [as handle_request] (e:\Medigo-Epharmacy-system-backend-test\Medigo-E pharmacy-system-backend-test\node_modules\express\lib\router\layer.js:95:5)
    at next (e:\Medigo-Epharmacy-system-backend-test\Medigo-E pharmacy-system-backend-test\node_modules\express\lib\router\route.js:149:13)
    at Route.dispatch (e:\Medigo-Epharmacy-system-backend-test\Medigo-E pharmacy-system-backend-test\node_modules\express\lib\router\route.js:119:3)
    at Layer.handle [as handle_request] (e:\Medigo-Epharmacy-system-backend-test\Medigo-E pharmacy-system-backend-test\node_modules\express\lib\router\layer.js:95:5)
    at e:\Medigo-Epharmacy-system-backend-test\Medigo-E pharmacy-system-backend-test\node_modules\express\lib\router\index.js:284:15
    at router.process_params (e:\Medigo-Epharmacy-system-backend-test\Medigo-E pharmacy-system-backend-test\node_modules\express\lib\router\index.js:346:12)
    at next (e:\Medigo-Epharmacy-system-backend-test\Medigo-E pharmacy-system-backend-test\node_modules\express\lib\router\index.js:280:10)
    at router.handle (e:\Medigo-Epharmacy-system-backend-test\Medigo-E pharmacy-system-backend-test\node_modules\express\lib\router\index.js:175:3)
[0mGET /api/v1/carts [33m401[0m 146.132 ms - 1712[0m
[0mPOST /api/v1/api/auth/refresh-token [33m404[0m 0.912 ms - 169[0m
[token]:  eyJhbGciOiJIUzI1NiIsInR5cCI6IkpXVCJ9.eyJpZCI6IjY5Zjg3MDY0MDBhZTNlMDVkMTFiODQ3OSIsImlhdCI6MTc3ODY4MDkxNywiZXhwIjoxNzc5Mjg1NzE3fQ.BnSgX7xQtS1HVSeRvR7OTdnjI8t2fAopbHi82iB_xug
[token]:  eyJhbGciOiJIUzI1NiIsInR5cCI6IkpXVCJ9.eyJpZCI6IjY5Zjg3MDY0MDBhZTNlMDVkMTFiODQ3OSIsImlhdCI6MTc3ODY4MDkxNywiZXhwIjoxNzc5Mjg1NzE3fQ.BnSgX7xQtS1HVSeRvR7OTdnjI8t2fAopbHi82iB_xug
[0mPOST /api/v1/auth/refresh-token [32m200[0m 63.650 ms - 289[0m
[0mGET /api/v1/auth/me [32m200[0m 53.885 ms - 673[0m
[0mGET /api/v1/carts [36m304[0m 77.013 ms - -[0m
[0mGET /api/v1/products/by-category [36m304[0m 6.679 ms - -[0m
[ERROR] GET /api/v1/carts
Error: Access token expired. Please refresh.
    at e:\Medigo-Epharmacy-system-backend-test\Medigo-E pharmacy-system-backend-test\src\middleware\auth.middleware.ts:42:15
    at e:\Medigo-Epharmacy-system-backend-test\Medigo-E pharmacy-system-backend-test\src\shared\utils\asyncHandler.ts:11:21
    at Layer.handle [as handle_request] (e:\Medigo-Epharmacy-system-backend-test\Medigo-E pharmacy-system-backend-test\node_modules\express\lib\router\layer.js:95:5)
    at next (e:\Medigo-Epharmacy-system-backend-test\Medigo-E pharmacy-system-backend-test\node_modules\express\lib\router\route.js:149:13)
    at Route.dispatch (e:\Medigo-Epharmacy-system-backend-test\Medigo-E pharmacy-system-backend-test\node_modules\express\lib\router\route.js:119:3)
    at Layer.handle [as handle_request] (e:\Medigo-Epharmacy-system-backend-test\Medigo-E pharmacy-system-backend-test\node_modules\express\lib\router\layer.js:95:5)
    at e:\Medigo-Epharmacy-system-backend-test\Medigo-E pharmacy-system-backend-test\node_modules\express\lib\router\index.js:284:15
    at router.process_params (e:\Medigo-Epharmacy-system-backend-test\Medigo-E pharmacy-system-backend-test\node_modules\express\lib\router\index.js:346:12)
    at next (e:\Medigo-Epharmacy-system-backend-test\Medigo-E pharmacy-system-backend-test\node_modules\express\lib\router\index.js:280:10)
    at router.handle (e:\Medigo-Epharmacy-system-backend-test\Medigo-E pharmacy-system-backend-test\node_modules\express\lib\router\index.js:175:3)
[0mGET /api/v1/carts [33m401[0m 3.062 ms - 1712[0m
[token]:  eyJhbGciOiJIUzI1NiIsInR5cCI6IkpXVCJ9.eyJpZCI6IjY5Zjg3MDY0MDBhZTNlMDVkMTFiODQ3OSIsImlhdCI6MTc3ODY4MDkxNywiZXhwIjoxNzc5Mjg1NzE3fQ.BnSgX7xQtS1HVSeRvR7OTdnjI8t2fAopbHi82iB_xug
[token]:  eyJhbGciOiJIUzI1NiIsInR5cCI6IkpXVCJ9.eyJpZCI6IjY5Zjg3MDY0MDBhZTNlMDVkMTFiODQ3OSIsImlhdCI6MTc3ODY4MDkxNywiZXhwIjoxNzc5Mjg1NzE3fQ.BnSgX7xQtS1HVSeRvR7OTdnjI8t2fAopbHi82iB_xug
[0mPOST /api/v1/api/auth/refresh-token [33m404[0m 0.636 ms - 169[0m
[0mPOST /api/v1/auth/refresh-token [32m200[0m 18.106 ms - 289[0m
[0mGET /api/v1/auth/me [0m-[0m - ms - -[0m
[token]:  eyJhbGciOiJIUzI1NiIsInR5cCI6IkpXVCJ9.eyJpZCI6IjY5Zjg3MDY0MDBhZTNlMDVkMTFiODQ3OSIsImlhdCI6MTc3ODY4MDkxNywiZXhwIjoxNzc5Mjg1NzE3fQ.BnSgX7xQtS1HVSeRvR7OTdnjI8t2fAopbHi82iB_xug
[token]:  eyJhbGciOiJIUzI1NiIsInR5cCI6IkpXVCJ9.eyJpZCI6IjY5Zjg3MDY0MDBhZTNlMDVkMTFiODQ3OSIsImlhdCI6MTc3ODY4MDkxNywiZXhwIjoxNzc5Mjg1NzE3fQ.BnSgX7xQtS1HVSeRvR7OTdnjI8t2fAopbHi82iB_xug
[0mPOST /api/v1/auth/refresh-token [32m200[0m 231.583 ms - 289[0m
[0mGET /api/v1/auth/me [32m200[0m 171.488 ms - 673[0m
[0mGET /api/v1/carts [36m304[0m 186.437 ms - -[0m
[0mGET /api/v1/products/by-category [36m304[0m 128.817 ms - -[0m
[0mGET /api/v1/products/by-category [36m304[0m 163.773 ms - -[0m
[0mGET /api/v1/products/by-category [36m304[0m 129.324 ms - -[0m
[0mGET /api/v1/carts [36m304[0m 371.274 ms - -[0m
[0mGET /api/v1/products/by-category [36m304[0m 107.104 ms - -[0m
[0mGET /api/v1/carts [36m304[0m 97.347 ms - -[0m
[0mGET /api/v1/products/by-category [36m304[0m 5756.309 ms - -[0m
[ERROR] GET /api/v1/carts
Error: Access token expired. Please refresh.
    at e:\Medigo-Epharmacy-system-backend-test\Medigo-E pharmacy-system-backend-test\src\middleware\auth.middleware.ts:42:15
    at e:\Medigo-Epharmacy-system-backend-test\Medigo-E pharmacy-system-backend-test\src\shared\utils\asyncHandler.ts:11:21
    at Layer.handle [as handle_request] (e:\Medigo-Epharmacy-system-backend-test\Medigo-E pharmacy-system-backend-test\node_modules\express\lib\router\layer.js:95:5)
    at next (e:\Medigo-Epharmacy-system-backend-test\Medigo-E pharmacy-system-backend-test\node_modules\express\lib\router\route.js:149:13)
    at Route.dispatch (e:\Medigo-Epharmacy-system-backend-test\Medigo-E pharmacy-system-backend-test\node_modules\express\lib\router\route.js:119:3)
    at Layer.handle [as handle_request] (e:\Medigo-Epharmacy-system-backend-test\Medigo-E pharmacy-system-backend-test\node_modules\express\lib\router\layer.js:95:5)
    at e:\Medigo-Epharmacy-system-backend-test\Medigo-E pharmacy-system-backend-test\node_modules\express\lib\router\index.js:284:15
    at router.process_params (e:\Medigo-Epharmacy-system-backend-test\Medigo-E pharmacy-system-backend-test\node_modules\express\lib\router\index.js:346:12)
    at next (e:\Medigo-Epharmacy-system-backend-test\Medigo-E pharmacy-system-backend-test\node_modules\express\lib\router\index.js:280:10)
    at router.handle (e:\Medigo-Epharmacy-system-backend-test\Medigo-E pharmacy-system-backend-test\node_modules\express\lib\router\index.js:175:3)
[0mGET /api/v1/carts [33m401[0m 807.231 ms - 1712[0m
[0mGET /api/v1/products/by-category [36m304[0m 923.050 ms - -[0m
[token]:  eyJhbGciOiJIUzI1NiIsInR5cCI6IkpXVCJ9.eyJpZCI6IjY5Zjg3MDY0MDBhZTNlMDVkMTFiODQ3OSIsImlhdCI6MTc3ODY4MDkxNywiZXhwIjoxNzc5Mjg1NzE3fQ.BnSgX7xQtS1HVSeRvR7OTdnjI8t2fAopbHi82iB_xug
[token]:  eyJhbGciOiJIUzI1NiIsInR5cCI6IkpXVCJ9.eyJpZCI6IjY5Zjg3MDY0MDBhZTNlMDVkMTFiODQ3OSIsImlhdCI6MTc3ODY4MDkxNywiZXhwIjoxNzc5Mjg1NzE3fQ.BnSgX7xQtS1HVSeRvR7OTdnjI8t2fAopbHi82iB_xug
[0mPOST /api/v1/api/auth/refresh-token [33m404[0m 1.123 ms - 169[0m
[0mPOST /api/v1/auth/refresh-token [32m200[0m 1634.631 ms - 289[0m
[0mGET /api/v1/carts [36m304[0m 504.507 ms - -[0m
[0mGET /api/v1/auth/me [36m304[0m 1169.525 ms - -[0m
[token]:  eyJhbGciOiJIUzI1NiIsInR5cCI6IkpXVCJ9.eyJpZCI6IjY5Zjg3MDY0MDBhZTNlMDVkMTFiODQ3OSIsImlhdCI6MTc3ODY4MDkxNywiZXhwIjoxNzc5Mjg1NzE3fQ.BnSgX7xQtS1HVSeRvR7OTdnjI8t2fAopbHi82iB_xug
[token]:  eyJhbGciOiJIUzI1NiIsInR5cCI6IkpXVCJ9.eyJpZCI6IjY5Zjg3MDY0MDBhZTNlMDVkMTFiODQ3OSIsImlhdCI6MTc3ODY4MDkxNywiZXhwIjoxNzc5Mjg1NzE3fQ.BnSgX7xQtS1HVSeRvR7OTdnjI8t2fAopbHi82iB_xug
[0mPOST /api/v1/auth/refresh-token [32m200[0m 37.208 ms - 289[0m
[0mGET /api/v1/auth/me [32m200[0m 284.264 ms - 673[0m
[0mGET /api/v1/products/by-category [36m304[0m 540.646 ms - -[0m
[0mGET /api/v1/carts [36m304[0m 645.027 ms - -[0m
[ERROR] GET /api/v1/carts
Error: Access token is required
    at e:\Medigo-Epharmacy-system-backend-test\Medigo-E pharmacy-system-backend-test\src\middleware\auth.middleware.ts:31:13
    at e:\Medigo-Epharmacy-system-backend-test\Medigo-E pharmacy-system-backend-test\src\shared\utils\asyncHandler.ts:11:21
    at Layer.handle [as handle_request] (e:\Medigo-Epharmacy-system-backend-test\Medigo-E pharmacy-system-backend-test\node_modules\express\lib\router\layer.js:95:5)
    at next (e:\Medigo-Epharmacy-system-backend-test\Medigo-E pharmacy-system-backend-test\node_modules\express\lib\router\route.js:149:13)
    at Route.dispatch (e:\Medigo-Epharmacy-system-backend-test\Medigo-E pharmacy-system-backend-test\node_modules\express\lib\router\route.js:119:3)
    at Layer.handle [as handle_request] (e:\Medigo-Epharmacy-system-backend-test\Medigo-E pharmacy-system-backend-test\node_modules\express\lib\router\layer.js:95:5)
    at e:\Medigo-Epharmacy-system-backend-test\Medigo-E pharmacy-system-backend-test\node_modules\express\lib\router\index.js:284:15
    at router.process_params (e:\Medigo-Epharmacy-system-backend-test\Medigo-E pharmacy-system-backend-test\node_modules\express\lib\router\index.js:346:12)
    at next (e:\Medigo-Epharmacy-system-backend-test\Medigo-E pharmacy-system-backend-test\node_modules\express\lib\router\index.js:280:10)
    at router.handle (e:\Medigo-Epharmacy-system-backend-test\Medigo-E pharmacy-system-backend-test\node_modules\express\lib\router\index.js:175:3)
[0mGET /api/v1/carts [33m401[0m 49.260 ms - 1673[0m
[token]:  eyJhbGciOiJIUzI1NiIsInR5cCI6IkpXVCJ9.eyJpZCI6IjY5Zjg3MDY0MDBhZTNlMDVkMTFiODQ3OSIsImlhdCI6MTc3ODY4MDkxNywiZXhwIjoxNzc5Mjg1NzE3fQ.BnSgX7xQtS1HVSeRvR7OTdnjI8t2fAopbHi82iB_xug
[token]:  eyJhbGciOiJIUzI1NiIsInR5cCI6IkpXVCJ9.eyJpZCI6IjY5Zjg3MDY0MDBhZTNlMDVkMTFiODQ3OSIsImlhdCI6MTc3ODY4MDkxNywiZXhwIjoxNzc5Mjg1NzE3fQ.BnSgX7xQtS1HVSeRvR7OTdnjI8t2fAopbHi82iB_xug
[0mPOST /api/v1/api/auth/refresh-token [33m404[0m 0.422 ms - 169[0m
[0mGET /api/v1/products/by-category [36m304[0m 253.206 ms - -[0m
[0mPOST /api/v1/auth/refresh-token [0m-[0m - ms - -[0m
[token]:  eyJhbGciOiJIUzI1NiIsInR5cCI6IkpXVCJ9.eyJpZCI6IjY5Zjg3MDY0MDBhZTNlMDVkMTFiODQ3OSIsImlhdCI6MTc3ODY4MDkxNywiZXhwIjoxNzc5Mjg1NzE3fQ.BnSgX7xQtS1HVSeRvR7OTdnjI8t2fAopbHi82iB_xug
[token]:  eyJhbGciOiJIUzI1NiIsInR5cCI6IkpXVCJ9.eyJpZCI6IjY5Zjg3MDY0MDBhZTNlMDVkMTFiODQ3OSIsImlhdCI6MTc3ODY4MDkxNywiZXhwIjoxNzc5Mjg1NzE3fQ.BnSgX7xQtS1HVSeRvR7OTdnjI8t2fAopbHi82iB_xug
[0mPOST /api/v1/auth/refresh-token [32m200[0m 192.246 ms - 289[0m
[0mGET /api/v1/auth/me [36m304[0m 14.887 ms - -[0m
[0mGET /api/v1/products/by-category [32m200[0m 110.926 ms - 55944[0m
[0mGET /api/v1/carts [36m304[0m 433.713 ms - -[0m
[0mPOST /api/v1/auth/logout [32m200[0m 365.277 ms - 69[0m
[0mPOST /api/v1/auth/login [32m200[0m 867.595 ms - 763[0m
[0mGET /api/v1/products/by-category [36m304[0m 49.032 ms - -[0m
[0mGET /api/v1/admin/metrics [36m304[0m 1170.469 ms - -[0m
[token]:  eyJhbGciOiJIUzI1NiIsInR5cCI6IkpXVCJ9.eyJpZCI6IjY5Zjg2Njk1YmM2ZmZjOWNkOGY0Mjk5MiIsImlhdCI6MTc3ODY4NDY5OCwiZXhwIjoxNzc5Mjg5NDk4fQ.RZYMCZ-3N8oSXGSrrY9LxV3UYVnOyTcN5kigoDadyGE
[token]:  eyJhbGciOiJIUzI1NiIsInR5cCI6IkpXVCJ9.eyJpZCI6IjY5Zjg2Njk1YmM2ZmZjOWNkOGY0Mjk5MiIsImlhdCI6MTc3ODY4NDY5OCwiZXhwIjoxNzc5Mjg5NDk4fQ.RZYMCZ-3N8oSXGSrrY9LxV3UYVnOyTcN5kigoDadyGE
[ERROR] GET /api/v1/admin/metrics
Error: Access token is required
    at e:\Medigo-Epharmacy-system-backend-test\Medigo-E pharmacy-system-backend-test\src\middleware\auth.middleware.ts:31:13
    at e:\Medigo-Epharmacy-system-backend-test\Medigo-E pharmacy-system-backend-test\src\shared\utils\asyncHandler.ts:11:21
    at Layer.handle [as handle_request] (e:\Medigo-Epharmacy-system-backend-test\Medigo-E pharmacy-system-backend-test\node_modules\express\lib\router\layer.js:95:5)
    at trim_prefix (e:\Medigo-Epharmacy-system-backend-test\Medigo-E pharmacy-system-backend-test\node_modules\express\lib\router\index.js:328:13)
    at e:\Medigo-Epharmacy-system-backend-test\Medigo-E pharmacy-system-backend-test\node_modules\express\lib\router\index.js:286:9
    at router.process_params (e:\Medigo-Epharmacy-system-backend-test\Medigo-E pharmacy-system-backend-test\node_modules\express\lib\router\index.js:346:12)
    at next (e:\Medigo-Epharmacy-system-backend-test\Medigo-E pharmacy-system-backend-test\node_modules\express\lib\router\index.js:280:10)
    at router.handle (e:\Medigo-Epharmacy-system-backend-test\Medigo-E pharmacy-system-backend-test\node_modules\express\lib\router\index.js:175:3)
    at router (e:\Medigo-Epharmacy-system-backend-test\Medigo-E pharmacy-system-backend-test\node_modules\express\lib\router\index.js:47:12)
    at Layer.handle [as handle_request] (e:\Medigo-Epharmacy-system-backend-test\Medigo-E pharmacy-system-backend-test\node_modules\express\lib\router\layer.js:95:5)
[0mGET /api/v1/admin/metrics [33m401[0m 3.314 ms - 1671[0m
[0mPOST /api/v1/api/auth/refresh-token [33m404[0m 0.583 ms - 169[0m
[0mPOST /api/v1/auth/refresh-token [0m-[0m - ms - -[0m
[token]:  eyJhbGciOiJIUzI1NiIsInR5cCI6IkpXVCJ9.eyJpZCI6IjY5Zjg2Njk1YmM2ZmZjOWNkOGY0Mjk5MiIsImlhdCI6MTc3ODY4NDY5OCwiZXhwIjoxNzc5Mjg5NDk4fQ.RZYMCZ-3N8oSXGSrrY9LxV3UYVnOyTcN5kigoDadyGE
[token]:  eyJhbGciOiJIUzI1NiIsInR5cCI6IkpXVCJ9.eyJpZCI6IjY5Zjg2Njk1YmM2ZmZjOWNkOGY0Mjk5MiIsImlhdCI6MTc3ODY4NDY5OCwiZXhwIjoxNzc5Mjg5NDk4fQ.RZYMCZ-3N8oSXGSrrY9LxV3UYVnOyTcN5kigoDadyGE
[0mPOST /api/v1/auth/refresh-token [32m200[0m 272.253 ms - 291[0m
[0mGET /api/v1/auth/me [32m200[0m 90.478 ms - 691[0m
[0mGET /api/v1/carts [32m200[0m 132.679 ms - 231[0m
[0mGET /api/v1/products/by-category [36m304[0m 34.602 ms - -[0m
[0mGET /api/v1/admin/metrics [36m304[0m 54.229 ms - -[0m
[0mGET /api/v1/admin/users?page=1&limit=10 [32m200[0m 772.080 ms - 10551[0m
[0mGET /api/v1/admin/medicines?page=1&limit=10 [36m304[0m 338.896 ms - -[0m
[0mGET /api/v1/admin/doctors?page=1&limit=10 [32m200[0m 70.888 ms - 142[0m
[0mGET /api/v1/admin/medicines?page=1&limit=10 [36m304[0m 113.573 ms - -[0m
[0mGET /api/v1/admin/orders?page=1&limit=10 [32m200[0m 7.628 ms - 141[0m
[0mGET /api/v1/admin/medicines?page=1&limit=10 [36m304[0m 5.902 ms - -[0m
[0mGET /api/v1/admin/medicines?page=1&limit=10 [36m304[0m 8.740 ms - -[0m
[0mGET /api/v1/admin/medicines?page=1&limit=10 [36m304[0m 13.981 ms - -[0m
[0mGET /api/v1/admin/medicines?page=1&limit=10 [36m304[0m 151.072 ms - -[0m
[0mGET /api/v1/admin/orders?page=1&limit=10 [36m304[0m 78.667 ms - -[0m
[token]:  eyJhbGciOiJIUzI1NiIsInR5cCI6IkpXVCJ9.eyJpZCI6IjY5Zjg2Njk1YmM2ZmZjOWNkOGY0Mjk5MiIsImlhdCI6MTc3ODY4NDY5OCwiZXhwIjoxNzc5Mjg5NDk4fQ.RZYMCZ-3N8oSXGSrrY9LxV3UYVnOyTcN5kigoDadyGE
[token]:  eyJhbGciOiJIUzI1NiIsInR5cCI6IkpXVCJ9.eyJpZCI6IjY5Zjg2Njk1YmM2ZmZjOWNkOGY0Mjk5MiIsImlhdCI6MTc3ODY4NDY5OCwiZXhwIjoxNzc5Mjg5NDk4fQ.RZYMCZ-3N8oSXGSrrY9LxV3UYVnOyTcN5kigoDadyGE
[ERROR] GET /api/v1/admin/orders?page=1&limit=10
Error: Access token is required
    at e:\Medigo-Epharmacy-system-backend-test\Medigo-E pharmacy-system-backend-test\src\middleware\auth.middleware.ts:31:13
    at e:\Medigo-Epharmacy-system-backend-test\Medigo-E pharmacy-system-backend-test\src\shared\utils\asyncHandler.ts:11:21
    at Layer.handle [as handle_request] (e:\Medigo-Epharmacy-system-backend-test\Medigo-E pharmacy-system-backend-test\node_modules\express\lib\router\layer.js:95:5)
    at trim_prefix (e:\Medigo-Epharmacy-system-backend-test\Medigo-E pharmacy-system-backend-test\node_modules\express\lib\router\index.js:328:13)
    at e:\Medigo-Epharmacy-system-backend-test\Medigo-E pharmacy-system-backend-test\node_modules\express\lib\router\index.js:286:9
    at router.process_params (e:\Medigo-Epharmacy-system-backend-test\Medigo-E pharmacy-system-backend-test\node_modules\express\lib\router\index.js:346:12)
    at next (e:\Medigo-Epharmacy-system-backend-test\Medigo-E pharmacy-system-backend-test\node_modules\express\lib\router\index.js:280:10)
    at router.handle (e:\Medigo-Epharmacy-system-backend-test\Medigo-E pharmacy-system-backend-test\node_modules\express\lib\router\index.js:175:3)
    at router (e:\Medigo-Epharmacy-system-backend-test\Medigo-E pharmacy-system-backend-test\node_modules\express\lib\router\index.js:47:12)
    at Layer.handle [as handle_request] (e:\Medigo-Epharmacy-system-backend-test\Medigo-E pharmacy-system-backend-test\node_modules\express\lib\router\layer.js:95:5)
[0mGET /api/v1/admin/orders?page=1&limit=10 [33m401[0m 3.968 ms - 1671[0m
[0mPOST /api/v1/api/auth/refresh-token [33m404[0m 1.085 ms - 169[0m
[0mPOST /api/v1/auth/refresh-token [0m-[0m - ms - -[0m
[token]:  eyJhbGciOiJIUzI1NiIsInR5cCI6IkpXVCJ9.eyJpZCI6IjY5Zjg2Njk1YmM2ZmZjOWNkOGY0Mjk5MiIsImlhdCI6MTc3ODY4NDY5OCwiZXhwIjoxNzc5Mjg5NDk4fQ.RZYMCZ-3N8oSXGSrrY9LxV3UYVnOyTcN5kigoDadyGE
[token]:  eyJhbGciOiJIUzI1NiIsInR5cCI6IkpXVCJ9.eyJpZCI6IjY5Zjg2Njk1YmM2ZmZjOWNkOGY0Mjk5MiIsImlhdCI6MTc3ODY4NDY5OCwiZXhwIjoxNzc5Mjg5NDk4fQ.RZYMCZ-3N8oSXGSrrY9LxV3UYVnOyTcN5kigoDadyGE
[0mPOST /api/v1/auth/refresh-token [32m200[0m 64.975 ms - 291[0m
[0mGET /api/v1/auth/me [36m304[0m 176.253 ms - -[0m
[0mGET /api/v1/carts [36m304[0m 173.437 ms - -[0m
[0mGET /api/v1/products/by-category [36m304[0m 78.718 ms - -[0m
[0mGET /api/v1/admin/metrics [36m304[0m 80.693 ms - -[0m
[0mGET /api/v1/admin/orders?page=1&limit=10 [36m304[0m 57.048 ms - -[0m
[ERROR] GET /api/v1/carts
Error: Access token expired. Please refresh.
    at e:\Medigo-Epharmacy-system-backend-test\Medigo-E pharmacy-system-backend-test\src\middleware\auth.middleware.ts:42:15
    at e:\Medigo-Epharmacy-system-backend-test\Medigo-E pharmacy-system-backend-test\src\shared\utils\asyncHandler.ts:11:21
    at Layer.handle [as handle_request] (e:\Medigo-Epharmacy-system-backend-test\Medigo-E pharmacy-system-backend-test\node_modules\express\lib\router\layer.js:95:5)
    at next (e:\Medigo-Epharmacy-system-backend-test\Medigo-E pharmacy-system-backend-test\node_modules\express\lib\router\route.js:149:13)
    at Route.dispatch (e:\Medigo-Epharmacy-system-backend-test\Medigo-E pharmacy-system-backend-test\node_modules\express\lib\router\route.js:119:3)
    at Layer.handle [as handle_request] (e:\Medigo-Epharmacy-system-backend-test\Medigo-E pharmacy-system-backend-test\node_modules\express\lib\router\layer.js:95:5)
    at e:\Medigo-Epharmacy-system-backend-test\Medigo-E pharmacy-system-backend-test\node_modules\express\lib\router\index.js:284:15
    at router.process_params (e:\Medigo-Epharmacy-system-backend-test\Medigo-E pharmacy-system-backend-test\node_modules\express\lib\router\index.js:346:12)
    at next (e:\Medigo-Epharmacy-system-backend-test\Medigo-E pharmacy-system-backend-test\node_modules\express\lib\router\index.js:280:10)
    at router.handle (e:\Medigo-Epharmacy-system-backend-test\Medigo-E pharmacy-system-backend-test\node_modules\express\lib\router\index.js:175:3)
[0mGET /api/v1/carts [33m401[0m 1.531 ms - 1712[0m
[0mPOST /api/v1/api/auth/refresh-token [33m404[0m 0.272 ms - 169[0m
[ERROR] GET /api/v1/carts
Error: Access token is required
    at e:\Medigo-Epharmacy-system-backend-test\Medigo-E pharmacy-system-backend-test\src\middleware\auth.middleware.ts:31:13
    at e:\Medigo-Epharmacy-system-backend-test\Medigo-E pharmacy-system-backend-test\src\shared\utils\asyncHandler.ts:11:21
    at Layer.handle [as handle_request] (e:\Medigo-Epharmacy-system-backend-test\Medigo-E pharmacy-system-backend-test\node_modules\express\lib\router\layer.js:95:5)
    at next (e:\Medigo-Epharmacy-system-backend-test\Medigo-E pharmacy-system-backend-test\node_modules\express\lib\router\route.js:149:13)
    at Route.dispatch (e:\Medigo-Epharmacy-system-backend-test\Medigo-E pharmacy-system-backend-test\node_modules\express\lib\router\route.js:119:3)
    at Layer.handle [as handle_request] (e:\Medigo-Epharmacy-system-backend-test\Medigo-E pharmacy-system-backend-test\node_modules\express\lib\router\layer.js:95:5)
    at e:\Medigo-Epharmacy-system-backend-test\Medigo-E pharmacy-system-backend-test\node_modules\express\lib\router\index.js:284:15
    at router.process_params (e:\Medigo-Epharmacy-system-backend-test\Medigo-E pharmacy-system-backend-test\node_modules\express\lib\router\index.js:346:12)
    at next (e:\Medigo-Epharmacy-system-backend-test\Medigo-E pharmacy-system-backend-test\node_modules\express\lib\router\index.js:280:10)
    at router.handle (e:\Medigo-Epharmacy-system-backend-test\Medigo-E pharmacy-system-backend-test\node_modules\express\lib\router\index.js:175:3)
[0mGET /api/v1/carts [33m401[0m 0.754 ms - 1673[0m
[0mPOST /api/v1/api/auth/refresh-token [33m404[0m 0.158 ms - 169[0m
